{"D:\\FinalKey\\WEBD\\CRm\\Backend\\configs\\auth.config.js": {"path":"D:\\FinalKey\\WEBD\\CRm\\Backend\\configs\\auth.config.js","statementMap":{"0":{"start":{"line":1,"column":0},"end":{"line":4,"column":1}}},"fnMap":{},"branchMap":{},"s":{"0":1},"f":{},"b":{},"_coverageSchema":"1a1c01bbd47fc00a2c39e90264f33305004495a9","hash":"ea358d2ab7af826e85adcbd850e734b3080e83b2"}
,"D:\\FinalKey\\WEBD\\CRm\\Backend\\controllers\\auth.controller.js": {"path":"D:\\FinalKey\\WEBD\\CRm\\Backend\\controllers\\auth.controller.js","statementMap":{"0":{"start":{"line":1,"column":18},"end":{"line":1,"column":48}},"1":{"start":{"line":2,"column":13},"end":{"line":2,"column":44}},"2":{"start":{"line":3,"column":15},"end":{"line":3,"column":34}},"3":{"start":{"line":4,"column":12},"end":{"line":4,"column":35}},"4":{"start":{"line":5,"column":19},"end":{"line":5,"column":52}},"5":{"start":{"line":7,"column":0},"end":{"line":38,"column":2}},"6":{"start":{"line":8,"column":19},"end":{"line":8,"column":38}},"7":{"start":{"line":9,"column":17},"end":{"line":9,"column":34}},"8":{"start":{"line":10,"column":2},"end":{"line":12,"column":49}},"9":{"start":{"line":11,"column":4},"end":{"line":11,"column":47}},"10":{"start":{"line":12,"column":7},"end":{"line":12,"column":49}},"11":{"start":{"line":13,"column":2},"end":{"line":37,"column":3}},"12":{"start":{"line":14,"column":23},"end":{"line":21,"column":6}},"13":{"start":{"line":22,"column":25},"end":{"line":30,"column":5}},"14":{"start":{"line":31,"column":4},"end":{"line":31,"column":39}},"15":{"start":{"line":33,"column":4},"end":{"line":33,"column":19}},"16":{"start":{"line":34,"column":4},"end":{"line":36,"column":7}},"17":{"start":{"line":40,"column":0},"end":{"line":71,"column":2}},"18":{"start":{"line":41,"column":15},"end":{"line":41,"column":62}},"19":{"start":{"line":42,"column":2},"end":{"line":47,"column":3}},"20":{"start":{"line":43,"column":4},"end":{"line":45,"column":7}},"21":{"start":{"line":46,"column":4},"end":{"line":46,"column":11}},"22":{"start":{"line":48,"column":2},"end":{"line":53,"column":3}},"23":{"start":{"line":49,"column":4},"end":{"line":51,"column":7}},"24":{"start":{"line":52,"column":4},"end":{"line":52,"column":11}},"25":{"start":{"line":54,"column":24},"end":{"line":54,"column":76}},"26":{"start":{"line":55,"column":2},"end":{"line":59,"column":3}},"27":{"start":{"line":56,"column":4},"end":{"line":58,"column":7}},"28":{"start":{"line":60,"column":14},"end":{"line":62,"column":4}},"29":{"start":{"line":63,"column":2},"end":{"line":70,"column":5}}},"fnMap":{"0":{"name":"(anonymous_0)","decl":{"start":{"line":7,"column":17},"end":{"line":7,"column":18}},"loc":{"start":{"line":7,"column":37},"end":{"line":38,"column":1}},"line":7},"1":{"name":"(anonymous_1)","decl":{"start":{"line":40,"column":17},"end":{"line":40,"column":18}},"loc":{"start":{"line":40,"column":37},"end":{"line":71,"column":1}},"line":40}},"branchMap":{"0":{"loc":{"start":{"line":10,"column":2},"end":{"line":12,"column":49}},"type":"if","locations":[{"start":{"line":10,"column":2},"end":{"line":12,"column":49}},{"start":{"line":12,"column":7},"end":{"line":12,"column":49}}],"line":10},"1":{"loc":{"start":{"line":42,"column":2},"end":{"line":47,"column":3}},"type":"if","locations":[{"start":{"line":42,"column":2},"end":{"line":47,"column":3}},{"start":{},"end":{}}],"line":42},"2":{"loc":{"start":{"line":48,"column":2},"end":{"line":53,"column":3}},"type":"if","locations":[{"start":{"line":48,"column":2},"end":{"line":53,"column":3}},{"start":{},"end":{}}],"line":48},"3":{"loc":{"start":{"line":55,"column":2},"end":{"line":59,"column":3}},"type":"if","locations":[{"start":{"line":55,"column":2},"end":{"line":59,"column":3}},{"start":{},"end":{}}],"line":55}},"s":{"0":1,"1":1,"2":1,"3":1,"4":1,"5":1,"6":2,"7":2,"8":2,"9":1,"10":1,"11":2,"12":2,"13":1,"14":1,"15":1,"16":1,"17":1,"18":4,"19":4,"20":1,"21":1,"22":3,"23":1,"24":1,"25":2,"26":2,"27":1,"28":1,"29":1},"f":{"0":2,"1":4},"b":{"0":[1,1],"1":[1,3],"2":[1,2],"3":[1,1]},"_coverageSchema":"1a1c01bbd47fc00a2c39e90264f33305004495a9","hash":"41a973469c82fb512d31b60eccfd3e1ad9acce7f"}
,"D:\\FinalKey\\WEBD\\CRm\\Backend\\controllers\\user.controller.js": {"path":"D:\\FinalKey\\WEBD\\CRm\\Backend\\controllers\\user.controller.js","statementMap":{"0":{"start":{"line":1,"column":13},"end":{"line":1,"column":44}},"1":{"start":{"line":2,"column":22},"end":{"line":2,"column":59}},"2":{"start":{"line":4,"column":0},"end":{"line":13,"column":2}},"3":{"start":{"line":5,"column":2},"end":{"line":12,"column":3}},"4":{"start":{"line":6,"column":16},"end":{"line":6,"column":33}},"5":{"start":{"line":7,"column":4},"end":{"line":7,"column":78}},"6":{"start":{"line":7,"column":15},"end":{"line":7,"column":78}},"7":{"start":{"line":9,"column":4},"end":{"line":11,"column":7}},"8":{"start":{"line":14,"column":0},"end":{"line":24,"column":2}},"9":{"start":{"line":15,"column":24},"end":{"line":15,"column":41}},"10":{"start":{"line":16,"column":15},"end":{"line":16,"column":57}},"11":{"start":{"line":18,"column":2},"end":{"line":23,"column":73}},"12":{"start":{"line":19,"column":4},"end":{"line":19,"column":66}},"13":{"start":{"line":21,"column":4},"end":{"line":23,"column":73}},"14":{"start":{"line":25,"column":0},"end":{"line":45,"column":2}},"15":{"start":{"line":26,"column":24},"end":{"line":26,"column":41}},"16":{"start":{"line":27,"column":2},"end":{"line":44,"column":3}},"17":{"start":{"line":28,"column":17},"end":{"line":37,"column":12}},"18":{"start":{"line":38,"column":4},"end":{"line":40,"column":5}},"19":{"start":{"line":39,"column":6},"end":{"line":39,"column":76}},"20":{"start":{"line":42,"column":4},"end":{"line":42,"column":19}},"21":{"start":{"line":43,"column":4},"end":{"line":43,"column":76}}},"fnMap":{"0":{"name":"(anonymous_0)","decl":{"start":{"line":4,"column":18},"end":{"line":4,"column":19}},"loc":{"start":{"line":4,"column":38},"end":{"line":13,"column":1}},"line":4},"1":{"name":"(anonymous_1)","decl":{"start":{"line":14,"column":19},"end":{"line":14,"column":20}},"loc":{"start":{"line":14,"column":39},"end":{"line":24,"column":1}},"line":14},"2":{"name":"(anonymous_2)","decl":{"start":{"line":25,"column":17},"end":{"line":25,"column":18}},"loc":{"start":{"line":25,"column":37},"end":{"line":45,"column":1}},"line":25}},"branchMap":{"0":{"loc":{"start":{"line":7,"column":4},"end":{"line":7,"column":78}},"type":"if","locations":[{"start":{"line":7,"column":4},"end":{"line":7,"column":78}},{"start":{},"end":{}}],"line":7},"1":{"loc":{"start":{"line":18,"column":2},"end":{"line":23,"column":73}},"type":"if","locations":[{"start":{"line":18,"column":2},"end":{"line":23,"column":73}},{"start":{"line":21,"column":4},"end":{"line":23,"column":73}}],"line":18},"2":{"loc":{"start":{"line":38,"column":4},"end":{"line":40,"column":5}},"type":"if","locations":[{"start":{"line":38,"column":4},"end":{"line":40,"column":5}},{"start":{},"end":{}}],"line":38}},"s":{"0":1,"1":1,"2":1,"3":2,"4":2,"5":1,"6":1,"7":1,"8":1,"9":0,"10":0,"11":0,"12":0,"13":0,"14":1,"15":0,"16":0,"17":0,"18":0,"19":0,"20":0,"21":0},"f":{"0":2,"1":0,"2":0},"b":{"0":[1,0],"1":[0,0],"2":[0,0]},"_coverageSchema":"1a1c01bbd47fc00a2c39e90264f33305004495a9","hash":"1a38b3eb0dca4d6231550ca3742211a7a95f57c5"}
,"D:\\FinalKey\\WEBD\\CRm\\Backend\\models\\user.model.js": {"path":"D:\\FinalKey\\WEBD\\CRm\\Backend\\models\\user.model.js","statementMap":{"0":{"start":{"line":1,"column":17},"end":{"line":1,"column":36}},"1":{"start":{"line":2,"column":19},"end":{"line":13,"column":2}},"2":{"start":{"line":9,"column":57},"end":{"line":9,"column":75}},"3":{"start":{"line":10,"column":41},"end":{"line":10,"column":59}},"4":{"start":{"line":15,"column":0},"end":{"line":15,"column":52}}},"fnMap":{"0":{"name":"(anonymous_0)","decl":{"start":{"line":9,"column":50},"end":{"line":9,"column":51}},"loc":{"start":{"line":9,"column":56},"end":{"line":9,"column":76}},"line":9},"1":{"name":"(anonymous_1)","decl":{"start":{"line":10,"column":34},"end":{"line":10,"column":35}},"loc":{"start":{"line":10,"column":40},"end":{"line":10,"column":60}},"line":10}},"branchMap":{},"s":{"0":2,"1":2,"2":1,"3":1,"4":2},"f":{"0":1,"1":1},"b":{},"_coverageSchema":"1a1c01bbd47fc00a2c39e90264f33305004495a9","hash":"85a427f803ed6f137aa7b66e471d449293cfc51d"}
,"D:\\FinalKey\\WEBD\\CRm\\Backend\\tests\\db.js": {"path":"D:\\FinalKey\\WEBD\\CRm\\Backend\\tests\\db.js","statementMap":{"0":{"start":{"line":1,"column":15},"end":{"line":1,"column":34}},"1":{"start":{"line":2,"column":26},"end":{"line":2,"column":58}},"2":{"start":{"line":6,"column":0},"end":{"line":19,"column":1}},"3":{"start":{"line":8,"column":4},"end":{"line":18,"column":5}},"4":{"start":{"line":10,"column":8},"end":{"line":10,"column":48}},"5":{"start":{"line":11,"column":18},"end":{"line":11,"column":33}},"6":{"start":{"line":13,"column":8},"end":{"line":16,"column":9}},"7":{"start":{"line":17,"column":8},"end":{"line":17,"column":43}},"8":{"start":{"line":21,"column":0},"end":{"line":26,"column":1}},"9":{"start":{"line":23,"column":4},"end":{"line":23,"column":45}},"10":{"start":{"line":24,"column":4},"end":{"line":24,"column":38}},"11":{"start":{"line":25,"column":4},"end":{"line":25,"column":34}},"12":{"start":{"line":25,"column":14},"end":{"line":25,"column":34}},"13":{"start":{"line":28,"column":0},"end":{"line":37,"column":1}},"14":{"start":{"line":30,"column":22},"end":{"line":30,"column":59}},"15":{"start":{"line":32,"column":4},"end":{"line":36,"column":5}},"16":{"start":{"line":34,"column":25},"end":{"line":34,"column":39}},"17":{"start":{"line":35,"column":8},"end":{"line":35,"column":32}}},"fnMap":{"0":{"name":"(anonymous_0)","decl":{"start":{"line":6,"column":23},"end":{"line":6,"column":24}},"loc":{"start":{"line":7,"column":0},"end":{"line":19,"column":1}},"line":7},"1":{"name":"(anonymous_1)","decl":{"start":{"line":21,"column":29},"end":{"line":21,"column":30}},"loc":{"start":{"line":22,"column":0},"end":{"line":26,"column":1}},"line":22},"2":{"name":"(anonymous_2)","decl":{"start":{"line":28,"column":29},"end":{"line":28,"column":30}},"loc":{"start":{"line":29,"column":0},"end":{"line":37,"column":1}},"line":29}},"branchMap":{"0":{"loc":{"start":{"line":8,"column":4},"end":{"line":18,"column":5}},"type":"if","locations":[{"start":{"line":8,"column":4},"end":{"line":18,"column":5}},{"start":{},"end":{}}],"line":8},"1":{"loc":{"start":{"line":25,"column":4},"end":{"line":25,"column":34}},"type":"if","locations":[{"start":{"line":25,"column":4},"end":{"line":25,"column":34}},{"start":{},"end":{}}],"line":25}},"s":{"0":1,"1":1,"2":1,"3":1,"4":1,"5":1,"6":1,"7":1,"8":1,"9":1,"10":1,"11":1,"12":1,"13":1,"14":6,"15":6,"16":6,"17":6},"f":{"0":1,"1":1,"2":6},"b":{"0":[1,0],"1":[1,0]},"_coverageSchema":"1a1c01bbd47fc00a2c39e90264f33305004495a9","hash":"e62876ad0a75969ce891225548215b36919a0f96"}
,"D:\\FinalKey\\WEBD\\CRm\\Backend\\tests\\interceptor.js": {"path":"D:\\FinalKey\\WEBD\\CRm\\Backend\\tests\\interceptor.js","statementMap":{"0":{"start":{"line":1,"column":0},"end":{"line":18,"column":1}},"1":{"start":{"line":5,"column":18},"end":{"line":5,"column":20}},"2":{"start":{"line":6,"column":8},"end":{"line":6,"column":48}},"3":{"start":{"line":7,"column":8},"end":{"line":7,"column":50}},"4":{"start":{"line":8,"column":8},"end":{"line":8,"column":19}},"5":{"start":{"line":12,"column":18},"end":{"line":12,"column":20}},"6":{"start":{"line":13,"column":8},"end":{"line":13,"column":48}},"7":{"start":{"line":14,"column":8},"end":{"line":14,"column":50}},"8":{"start":{"line":15,"column":8},"end":{"line":15,"column":48}},"9":{"start":{"line":16,"column":8},"end":{"line":16,"column":19}}},"fnMap":{"0":{"name":"(anonymous_0)","decl":{"start":{"line":3,"column":16},"end":{"line":3,"column":17}},"loc":{"start":{"line":4,"column":4},"end":{"line":9,"column":5}},"line":4},"1":{"name":"(anonymous_1)","decl":{"start":{"line":10,"column":17},"end":{"line":10,"column":18}},"loc":{"start":{"line":11,"column":4},"end":{"line":17,"column":5}},"line":11}},"branchMap":{},"s":{"0":2,"1":8,"2":8,"3":8,"4":8,"5":8,"6":8,"7":8,"8":8,"9":8},"f":{"0":8,"1":8},"b":{},"_coverageSchema":"1a1c01bbd47fc00a2c39e90264f33305004495a9","hash":"9f9ee636a9bb7016153c8fee1afe95d980b88164"}
,"D:\\FinalKey\\WEBD\\CRm\\Backend\\utils\\constatnts.js": {"path":"D:\\FinalKey\\WEBD\\CRm\\Backend\\utils\\constatnts.js","statementMap":{"0":{"start":{"line":1,"column":0},"end":{"line":19,"column":1}}},"fnMap":{},"branchMap":{},"s":{"0":1},"f":{},"b":{},"_coverageSchema":"1a1c01bbd47fc00a2c39e90264f33305004495a9","hash":"7e1b8e7bcc38b7dee7a3b8847e60cebbb20513f0"}
,"D:\\FinalKey\\WEBD\\CRm\\Backend\\utils\\convertUserObject.js": {"path":"D:\\FinalKey\\WEBD\\CRm\\Backend\\utils\\convertUserObject.js","statementMap":{"0":{"start":{"line":1,"column":0},"end":{"line":15,"column":1}},"1":{"start":{"line":3,"column":20},"end":{"line":3,"column":22}},"2":{"start":{"line":4,"column":4},"end":{"line":13,"column":11}},"3":{"start":{"line":6,"column":12},"end":{"line":12,"column":15}},"4":{"start":{"line":14,"column":4},"end":{"line":14,"column":23}}},"fnMap":{"0":{"name":"(anonymous_0)","decl":{"start":{"line":1,"column":21},"end":{"line":1,"column":22}},"loc":{"start":{"line":2,"column":0},"end":{"line":15,"column":1}},"line":2},"1":{"name":"(anonymous_1)","decl":{"start":{"line":4,"column":18},"end":{"line":4,"column":19}},"loc":{"start":{"line":5,"column":8},"end":{"line":13,"column":9}},"line":5}},"branchMap":{},"s":{"0":1,"1":1,"2":1,"3":1,"4":1},"f":{"0":1,"1":1},"b":{},"_coverageSchema":"1a1c01bbd47fc00a2c39e90264f33305004495a9","hash":"9bec0575653ba16337540d43e8f970f3a341b2f3"}
}
