TN:
SF:configs\auth.config.js
FNF:0
FNH:0
DA:1,1
LF:1
LH:1
BRF:0
BRH:0
end_of_record
TN:
SF:controllers\auth.controller.js
FN:7,(anonymous_0)
FN:40,(anonymous_1)
FNF:2
FNH:2
FNDA:2,(anonymous_0)
FNDA:4,(anonymous_1)
DA:1,1
DA:2,1
DA:3,1
DA:4,1
DA:5,1
DA:7,1
DA:8,2
DA:9,2
DA:10,2
DA:11,1
DA:12,1
DA:13,2
DA:14,2
DA:22,1
DA:31,1
DA:33,1
DA:34,1
DA:40,1
DA:41,4
DA:42,4
DA:43,1
DA:46,1
DA:48,3
DA:49,1
DA:52,1
DA:54,2
DA:55,2
DA:56,1
DA:60,1
DA:63,1
LF:30
LH:30
BRDA:10,0,0,1
BRDA:10,0,1,1
BRDA:42,1,0,1
BRDA:42,1,1,3
BRDA:48,2,0,1
BRDA:48,2,1,2
BRDA:55,3,0,1
BRDA:55,3,1,1
BRF:8
BRH:8
end_of_record
TN:
SF:controllers\user.controller.js
FN:4,(anonymous_0)
FN:14,(anonymous_1)
FN:25,(anonymous_2)
FNF:3
FNH:1
FNDA:2,(anonymous_0)
FNDA:0,(anonymous_1)
FNDA:0,(anonymous_2)
DA:1,1
DA:2,1
DA:4,1
DA:5,2
DA:6,2
DA:7,1
DA:9,1
DA:14,1
DA:15,0
DA:16,0
DA:18,0
DA:19,0
DA:21,0
DA:25,1
DA:26,0
DA:27,0
DA:28,0
DA:38,0
DA:39,0
DA:42,0
DA:43,0
LF:21
LH:9
BRDA:7,0,0,1
BRDA:7,0,1,0
BRDA:18,1,0,0
BRDA:18,1,1,0
BRDA:38,2,0,0
BRDA:38,2,1,0
BRF:6
BRH:1
end_of_record
TN:
SF:models\user.model.js
FN:9,(anonymous_0)
FN:10,(anonymous_1)
FNF:2
FNH:2
FNDA:1,(anonymous_0)
FNDA:1,(anonymous_1)
DA:1,2
DA:2,2
DA:9,1
DA:10,1
DA:15,2
LF:5
LH:5
BRF:0
BRH:0
end_of_record
TN:
SF:tests\db.js
FN:6,(anonymous_0)
FN:21,(anonymous_1)
FN:28,(anonymous_2)
FNF:3
FNH:3
FNDA:1,(anonymous_0)
FNDA:1,(anonymous_1)
FNDA:6,(anonymous_2)
DA:1,1
DA:2,1
DA:6,1
DA:8,1
DA:10,1
DA:11,1
DA:13,1
DA:17,1
DA:21,1
DA:23,1
DA:24,1
DA:25,1
DA:28,1
DA:30,6
DA:32,6
DA:34,6
DA:35,6
LF:17
LH:17
BRDA:8,0,0,1
BRDA:8,0,1,0
BRDA:25,1,0,1
BRDA:25,1,1,0
BRF:4
BRH:2
end_of_record
TN:
SF:tests\interceptor.js
FN:3,(anonymous_0)
FN:10,(anonymous_1)
FNF:2
FNH:2
FNDA:8,(anonymous_0)
FNDA:8,(anonymous_1)
DA:1,2
DA:5,8
DA:6,8
DA:7,8
DA:8,8
DA:12,8
DA:13,8
DA:14,8
DA:15,8
DA:16,8
LF:10
LH:10
BRF:0
BRH:0
end_of_record
TN:
SF:utils\constatnts.js
FNF:0
FNH:0
DA:1,1
LF:1
LH:1
BRF:0
BRH:0
end_of_record
TN:
SF:utils\convertUserObject.js
FN:1,(anonymous_0)
FN:4,(anonymous_1)
FNF:2
FNH:2
FNDA:1,(anonymous_0)
FNDA:1,(anonymous_1)
DA:1,1
DA:3,1
DA:4,1
DA:6,1
DA:14,1
LF:5
LH:5
BRF:0
BRH:0
end_of_record
